<?xml version="1.0" encoding="UTF-8"?>
<!-- Generated by org.testng.reporters.JUnitReportReporter -->
<testsuite hostname="DESKTOP-R163GFK" failures="0" tests="1" name="com.framework.tests.PlaceOrderTest" time="37.081" errors="0" timestamp="2025-07-03T15:35:04 IST" skipped="0">
  <testcase classname="com.framework.tests.PlaceOrderTest" name="placeOrderCheckout" time="37.081"/>
</testsuite> <!-- com.framework.tests.PlaceOrderTest -->
