<?xml version="1.0" encoding="UTF-8"?>
<!-- Generated by org.testng.reporters.JUnitReportReporter -->
<testsuite hostname="DESKTOP-R163GFK" failures="0" tests="1" name="com.framework.tests.LoginTest" time="16.797" errors="0" timestamp="2025-07-03T15:35:04 IST" skipped="0">
  <testcase classname="com.framework.tests.LoginTest" name="testValidLogin" time="16.797"/>
</testsuite> <!-- com.framework.tests.LoginTest -->
