<?xml version="1.0" encoding="UTF-8"?>
<!-- Generated by org.testng.reporters.JUnitReportReporter -->
<testsuite hostname="DESKTOP-R163GFK" failures="0" tests="1" name="com.framework.tests.RegisterTest" time="37.052" errors="0" timestamp="2025-07-03T15:35:04 IST" skipped="0">
  <testcase classname="com.framework.tests.RegisterTest" name="testRegisterUser" time="37.052"/>
</testsuite> <!-- com.framework.tests.RegisterTest -->
